0 info it worked if it ends with ok
1 verbose cli [ '/usr/bin/nodejs',
1 verbose cli   '/usr/bin/npm',
1 verbose cli   'version',
1 verbose cli   'patch',
1 verbose cli   '-m',
1 verbose cli   'Upgrade to %s' ]
2 info using npm@3.10.8
3 info using node@v6.9.1
4 info git [ 'status', '--porcelain' ]
5 verbose stack Error: Git working directory not clean.
5 verbose stack M  .gitignore
5 verbose stack A  .gitlab-ci.yml
5 verbose stack A  .npmignore
5 verbose stack A  build/Ivh2BusClient.js
5 verbose stack A  build/Ivh2BusServer.js
5 verbose stack A  build/index.js
5 verbose stack AD npm-debug.log
5 verbose stack MM package.json
5 verbose stack M  src/Ivh2BusClient.coffee
5 verbose stack M  src/Ivh2BusServer.coffee
5 verbose stack M  test/ivh2_bus_client_test.coffee
5 verbose stack M  test/ivh2_bus_server_test.coffee
5 verbose stack     at /usr/lib/node_modules/npm/lib/version.js:247:19
5 verbose stack     at /usr/lib/node_modules/npm/lib/utils/no-progress-while-running.js:21:8
5 verbose stack     at ChildProcess.exithandler (child_process.js:197:7)
5 verbose stack     at emitTwo (events.js:106:13)
5 verbose stack     at ChildProcess.emit (events.js:191:7)
5 verbose stack     at maybeClose (internal/child_process.js:877:16)
5 verbose stack     at Socket.<anonymous> (internal/child_process.js:334:11)
5 verbose stack     at emitOne (events.js:96:13)
5 verbose stack     at Socket.emit (events.js:188:7)
5 verbose stack     at Pipe._handle.close [as _onclose] (net.js:498:12)
6 verbose cwd /home/peppe/Dev/udp-bus
7 error Linux 4.4.0-78-generic
8 error argv "/usr/bin/nodejs" "/usr/bin/npm" "version" "patch" "-m" "Upgrade to %s"
9 error node v6.9.1
10 error npm  v3.10.8
11 error Git working directory not clean.
11 error M  .gitignore
11 error A  .gitlab-ci.yml
11 error A  .npmignore
11 error A  build/Ivh2BusClient.js
11 error A  build/Ivh2BusServer.js
11 error A  build/index.js
11 error AD npm-debug.log
11 error MM package.json
11 error M  src/Ivh2BusClient.coffee
11 error M  src/Ivh2BusServer.coffee
11 error M  test/ivh2_bus_client_test.coffee
11 error M  test/ivh2_bus_server_test.coffee
12 error If you need help, you may report this error at:
12 error     <https://github.com/npm/npm/issues>
13 verbose exit [ 1, true ]
